# JRE version: OpenJDK Runtime Environment (8.0_112-b06) (build 1.8.0_112-release-b06)
# Java VM: OpenJDK 64-Bit Server VM (25.112-b06 mixed mode linux-amd64 compressed oops)
Heap:
 PSYoungGen      total 185344K, used 19435K [0x00000000e0000000, 0x00000000f0b80000, 0x0000000100000000)
  eden space 165888K, 0% used [0x00000000e0000000,0x00000000e0000000,0x00000000ea200000)
  from space 19456K, 99% used [0x00000000ea200000,0x00000000eb4fafb0,0x00000000eb500000)
  to   space 29696K, 0% used [0x00000000eee80000,0x00000000eee80000,0x00000000f0b80000)
 ParOldGen       total 103936K, used 42858K [0x00000000a0000000, 0x00000000a6580000, 0x00000000e0000000)
  object space 103936K, 41% used [0x00000000a0000000,0x00000000a29dabb0,0x00000000a6580000)
 Metaspace       used 57345K, capacity 59064K, committed 59160K, reserved 1099776K
  class space    used 7663K, capacity 8035K, committed 8112K, reserved 1048576K
GC Heap History (10 events):
Event: 9.264 GC heap after
Heap after GC invocations=7 (full 1):
 PSYoungGen      total 127488K, used 7675K [0x00000000e0000000, 0x00000000eb100000, 0x0000000100000000)
  eden space 119808K, 0% used [0x00000000e0000000,0x00000000e0000000,0x00000000e7500000)
  from space 7680K, 99% used [0x00000000e8100000,0x00000000e887ed40,0x00000000e8880000)
  to   space 12288K, 0% used [0x00000000e7500000,0x00000000e7500000,0x00000000e8100000)
 ParOldGen       total 71168K, used 18881K [0x00000000a0000000, 0x00000000a4580000, 0x00000000e0000000)
  object space 71168K, 26% used [0x00000000a0000000,0x00000000a12705e8,0x00000000a4580000)
 Metaspace       used 34654K, capacity 35186K, committed 35496K, reserved 1079296K
  class space    used 4644K, capacity 4819K, committed 4912K, reserved 1048576K
}
Event: 9.264 GC heap before
{Heap before GC invocations=8 (full 2):
 PSYoungGen      total 127488K, used 7675K [0x00000000e0000000, 0x00000000eb100000, 0x0000000100000000)
  eden space 119808K, 0% used [0x00000000e0000000,0x00000000e0000000,0x00000000e7500000)
  from space 7680K, 99% used [0x00000000e8100000,0x00000000e887ed40,0x00000000e8880000)
  to   space 12288K, 0% used [0x00000000e7500000,0x00000000e7500000,0x00000000e8100000)
 ParOldGen       total 71168K, used 18881K [0x00000000a0000000, 0x00000000a4580000, 0x00000000e0000000)
  object space 71168K, 26% used [0x00000000a0000000,0x00000000a12705e8,0x00000000a4580000)
 Metaspace       used 34654K, capacity 35186K, committed 35496K, reserved 1079296K
  class space    used 4644K, capacity 4819K, committed 4912K, reserved 1048576K
Event: 9.360 GC heap after
Heap after GC invocations=8 (full 2):
 PSYoungGen      total 127488K, used 0K [0x00000000e0000000, 0x00000000eb100000, 0x0000000100000000)
  eden space 119808K, 0% used [0x00000000e0000000,0x00000000e0000000,0x00000000e7500000)
  from space 7680K, 0% used [0x00000000e8100000,0x00000000e8100000,0x00000000e8880000)
  to   space 12288K, 0% used [0x00000000e7500000,0x00000000e7500000,0x00000000e8100000)
 ParOldGen       total 103936K, used 15329K [0x00000000a0000000, 0x00000000a6580000, 0x00000000e0000000)
  object space 103936K, 14% used [0x00000000a0000000,0x00000000a0ef85d8,0x00000000a6580000)
 Metaspace       used 34654K, capacity 35186K, committed 35496K, reserved 1079296K
  class space    used 4644K, capacity 4819K, committed 4912K, reserved 1048576K
}
Event: 10.793 GC heap before
{Heap before GC invocations=9 (full 2):
 PSYoungGen      total 127488K, used 119808K [0x00000000e0000000, 0x00000000eb100000, 0x0000000100000000)
  eden space 119808K, 100% used [0x00000000e0000000,0x00000000e7500000,0x00000000e7500000)
  from space 7680K, 0% used [0x00000000e8100000,0x00000000e8100000,0x00000000e8880000)
  to   space 12288K, 0% used [0x00000000e7500000,0x00000000e7500000,0x00000000e8100000)
 ParOldGen       total 103936K, used 15329K [0x00000000a0000000, 0x00000000a6580000, 0x00000000e0000000)
  object space 103936K, 14% used [0x00000000a0000000,0x00000000a0ef85d8,0x00000000a6580000)
 Metaspace       used 44150K, capacity 45196K, committed 45488K, reserved 1089536K
  class space    used 5955K, capacity 6221K, committed 6320K, reserved 1048576K
Event: 10.823 GC heap after
Heap after GC invocations=9 (full 2):
 PSYoungGen      total 132096K, used 12272K [0x00000000e0000000, 0x00000000ec280000, 0x0000000100000000)
  eden space 119808K, 0% used [0x00000000e0000000,0x00000000e0000000,0x00000000e7500000)
  from space 12288K, 99% used [0x00000000e7500000,0x00000000e80fc328,0x00000000e8100000)
  to   space 13824K, 0% used [0x00000000eb500000,0x00000000eb500000,0x00000000ec280000)
 ParOldGen       total 103936K, used 15864K [0x00000000a0000000, 0x00000000a6580000, 0x00000000e0000000)
  object space 103936K, 15% used [0x00000000a0000000,0x00000000a0f7e390,0x00000000a6580000)
 Metaspace       used 44150K, capacity 45196K, committed 45488K, reserved 1089536K
  class space    used 5955K, capacity 6221K, committed 6320K, reserved 1048576K
}
Event: 13.879 GC heap before
{Heap before GC invocations=10 (full 2):
 PSYoungGen      total 132096K, used 132080K [0x00000000e0000000, 0x00000000ec280000, 0x0000000100000000)
  eden space 119808K, 100% used [0x00000000e0000000,0x00000000e7500000,0x00000000e7500000)
  from space 12288K, 99% used [0x00000000e7500000,0x00000000e80fc328,0x00000000e8100000)
  to   space 13824K, 0% used [0x00000000eb500000,0x00000000eb500000,0x00000000ec280000)
 ParOldGen       total 103936K, used 15864K [0x00000000a0000000, 0x00000000a6580000, 0x00000000e0000000)
  object space 103936K, 15% used [0x00000000a0000000,0x00000000a0f7e390,0x00000000a6580000)
 Metaspace       used 53782K, capacity 55378K, committed 55600K, reserved 1097728K
  class space    used 7301K, capacity 7626K, committed 7728K, reserved 1048576K
Event: 13.917 GC heap after
Heap after GC invocations=10 (full 2):
 PSYoungGen      total 179712K, used 13793K [0x00000000e0000000, 0x00000000ecb80000, 0x0000000100000000)
  eden space 165888K, 0% used [0x00000000e0000000,0x00000000e0000000,0x00000000ea200000)
  from space 13824K, 99% used [0x00000000eb500000,0x00000000ec278418,0x00000000ec280000)
  to   space 19456K, 0% used [0x00000000ea200000,0x00000000ea200000,0x00000000eb500000)
 ParOldGen       total 103936K, used 24122K [0x00000000a0000000, 0x00000000a6580000, 0x00000000e0000000)
  object space 103936K, 23% used [0x00000000a0000000,0x00000000a178e978,0x00000000a6580000)
 Metaspace       used 53782K, capacity 55378K, committed 55600K, reserved 1097728K
  class space    used 7301K, capacity 7626K, committed 7728K, reserved 1048576K
}
Event: 15.399 GC heap before
{Heap before GC invocations=11 (full 2):
 PSYoungGen      total 179712K, used 124725K [0x00000000e0000000, 0x00000000ecb80000, 0x0000000100000000)
  eden space 165888K, 66% used [0x00000000e0000000,0x00000000e6c55010,0x00000000ea200000)
  from space 13824K, 99% used [0x00000000eb500000,0x00000000ec278418,0x00000000ec280000)
  to   space 19456K, 0% used [0x00000000ea200000,0x00000000ea200000,0x00000000eb500000)
 ParOldGen       total 103936K, used 24122K [0x00000000a0000000, 0x00000000a6580000, 0x00000000e0000000)
  object space 103936K, 23% used [0x00000000a0000000,0x00000000a178e978,0x00000000a6580000)
 Metaspace       used 57345K, capacity 59064K, committed 59160K, reserved 1099776K
  class space    used 7663K, capacity 8035K, committed 8112K, reserved 1048576K
Event: 15.456 GC heap after
Heap after GC invocations=11 (full 2):
 PSYoungGen      total 185344K, used 19435K [0x00000000e0000000, 0x00000000f0b80000, 0x0000000100000000)
  eden space 165888K, 0% used [0x00000000e0000000,0x00000000e0000000,0x00000000ea200000)
  from space 19456K, 99% used [0x00000000ea200000,0x00000000eb4fafb0,0x00000000eb500000)
  to   space 29696K, 0% used [0x00000000eee80000,0x00000000eee80000,0x00000000f0b80000)
 ParOldGen       total 103936K, used 42858K [0x00000000a0000000, 0x00000000a6580000, 0x00000000e0000000)
  object space 103936K, 41% used [0x00000000a0000000,0x00000000a29dabb0,0x00000000a6580000)
 Metaspace       used 57345K, capacity 59064K, committed 59160K, reserved 1099776K
  class space    used 7663K, capacity 8035K, committed 8112K, reserved 1048576K
}
Event: 15.456 GC heap before
{Heap before GC invocations=12 (full 3):
 PSYoungGen      total 185344K, used 19435K [0x00000000e0000000, 0x00000000f0b80000, 0x0000000100000000)
  eden space 165888K, 0% used [0x00000000e0000000,0x00000000e0000000,0x00000000ea200000)
  from space 19456K, 99% used [0x00000000ea200000,0x00000000eb4fafb0,0x00000000eb500000)
  to   space 29696K, 0% used [0x00000000eee80000,0x00000000eee80000,0x00000000f0b80000)
 ParOldGen       total 103936K, used 42858K [0x00000000a0000000, 0x00000000a6580000, 0x00000000e0000000)
  object space 103936K, 41% used [0x00000000a0000000,0x00000000a29dabb0,0x00000000a6580000)
 Metaspace       used 57345K, capacity 59064K, committed 59160K, reserved 1099776K
  class space    used 7663K, capacity 8035K, committed 8112K, reserved 1048576K

